mode: set
github.com/maxime/k8s-tui/internal/app/app.go:34.18,42.2 1 1
github.com/maxime/k8s-tui/internal/app/app.go:45.31,47.2 1 1
github.com/maxime/k8s-tui/internal/app/app.go:50.57,51.27 1 1
github.com/maxime/k8s-tui/internal/app/app.go:52.25,57.16 5 1
github.com/maxime/k8s-tui/internal/app/app.go:59.18,60.31 1 1
github.com/maxime/k8s-tui/internal/app/app.go:63.2,63.15 1 0
github.com/maxime/k8s-tui/internal/app/app.go:67.68,69.9 1 1
github.com/maxime/k8s-tui/internal/app/app.go:70.37,71.21 1 1
github.com/maxime/k8s-tui/internal/app/app.go:73.37,75.17 2 1
github.com/maxime/k8s-tui/internal/app/app.go:75.17,78.4 2 1
github.com/maxime/k8s-tui/internal/app/app.go:78.9,80.4 1 1
github.com/maxime/k8s-tui/internal/app/app.go:81.3,81.16 1 1
github.com/maxime/k8s-tui/internal/app/app.go:83.37,84.24 1 1
github.com/maxime/k8s-tui/internal/app/app.go:88.2,88.16 1 1
github.com/maxime/k8s-tui/internal/app/app.go:89.25,90.34 1 1
github.com/maxime/k8s-tui/internal/app/app.go:91.22,95.16 3 1
github.com/maxime/k8s-tui/internal/app/app.go:98.2,98.15 1 1
github.com/maxime/k8s-tui/internal/app/app.go:102.50,103.24 1 1
github.com/maxime/k8s-tui/internal/app/app.go:103.24,107.3 3 1
github.com/maxime/k8s-tui/internal/app/app.go:110.2,110.33 1 1
github.com/maxime/k8s-tui/internal/app/app.go:110.33,113.3 2 1
github.com/maxime/k8s-tui/internal/app/app.go:115.2,115.15 1 1
github.com/maxime/k8s-tui/internal/app/app.go:119.71,120.9 1 1
github.com/maxime/k8s-tui/internal/app/app.go:121.37,123.16 2 1
github.com/maxime/k8s-tui/internal/app/app.go:125.37,127.16 2 1
github.com/maxime/k8s-tui/internal/app/app.go:129.38,131.16 2 1
github.com/maxime/k8s-tui/internal/app/app.go:133.42,136.16 3 1
github.com/maxime/k8s-tui/internal/app/app.go:138.40,141.16 3 1
github.com/maxime/k8s-tui/internal/app/app.go:144.2,144.15 1 0
github.com/maxime/k8s-tui/internal/app/app.go:148.30,149.14 1 1
github.com/maxime/k8s-tui/internal/app/app.go:149.14,151.3 1 1
github.com/maxime/k8s-tui/internal/app/app.go:154.2,155.16 2 1
github.com/maxime/k8s-tui/internal/app/app.go:156.25,157.28 1 1
github.com/maxime/k8s-tui/internal/app/app.go:158.22,159.25 1 0
github.com/maxime/k8s-tui/internal/app/app.go:160.22,161.25 1 0
github.com/maxime/k8s-tui/internal/app/app.go:162.23,163.26 1 0
github.com/maxime/k8s-tui/internal/app/app.go:164.35,165.38 1 0
github.com/maxime/k8s-tui/internal/app/app.go:166.33,167.36 1 0
github.com/maxime/k8s-tui/internal/app/app.go:168.22,169.25 1 0
github.com/maxime/k8s-tui/internal/app/app.go:170.10,171.27 1 0
github.com/maxime/k8s-tui/internal/app/app.go:175.2,177.36 2 1
github.com/maxime/k8s-tui/internal/app/app.go:181.37,183.2 1 1
github.com/maxime/k8s-tui/internal/app/app.go:185.34,187.2 1 0
github.com/maxime/k8s-tui/internal/app/app.go:189.34,191.2 1 0
github.com/maxime/k8s-tui/internal/app/app.go:193.35,195.2 1 0
github.com/maxime/k8s-tui/internal/app/app.go:197.47,199.2 1 0
github.com/maxime/k8s-tui/internal/app/app.go:201.45,203.2 1 0
github.com/maxime/k8s-tui/internal/app/app.go:205.34,207.2 1 0
github.com/maxime/k8s-tui/internal/app/app.go:210.46,212.2 1 1
github.com/maxime/k8s-tui/internal/app/app.go:214.31,216.2 1 1
github.com/maxime/k8s-tui/internal/app/app.go:218.35,220.2 1 1
github.com/maxime/k8s-tui/internal/app/app.go:222.28,224.2 1 1
github.com/maxime/k8s-tui/internal/app/app.go:226.29,228.2 1 1
github.com/maxime/k8s-tui/internal/ui/keys.go:29.29,80.2 1 1
github.com/maxime/k8s-tui/internal/ui/keys.go:83.43,85.2 1 1
github.com/maxime/k8s-tui/internal/ui/keys.go:88.44,95.2 1 1
github.com/maxime/k8s-tui/internal/model/types.go:17.36,18.11 1 1
github.com/maxime/k8s-tui/internal/model/types.go:19.19,20.20 1 1
github.com/maxime/k8s-tui/internal/model/types.go:21.16,22.16 1 1
github.com/maxime/k8s-tui/internal/model/types.go:23.16,24.16 1 1
github.com/maxime/k8s-tui/internal/model/types.go:25.17,26.17 1 1
github.com/maxime/k8s-tui/internal/model/types.go:27.29,28.30 1 1
github.com/maxime/k8s-tui/internal/model/types.go:29.27,30.28 1 1
github.com/maxime/k8s-tui/internal/model/types.go:31.16,32.16 1 1
github.com/maxime/k8s-tui/internal/model/types.go:33.10,34.19 1 1
github.com/maxime/k8s-tui/internal/model/types.go:39.37,40.11 1 1
github.com/maxime/k8s-tui/internal/model/types.go:41.60,42.14 1 1
github.com/maxime/k8s-tui/internal/model/types.go:43.10,44.15 1 1
github.com/maxime/k8s-tui/main.go:12.13,14.35 2 0
github.com/maxime/k8s-tui/main.go:14.35,17.3 2 0
